mode: set
backend-developer-assignment/app/controllers/account_controller.go:20.86,22.2 1 1
backend-developer-assignment/app/controllers/account_controller.go:33.65,38.16 3 1
backend-developer-assignment/app/controllers/account_controller.go:38.16,40.3 1 1
backend-developer-assignment/app/controllers/account_controller.go:42.2,42.50 1 1
backend-developer-assignment/app/controllers/account_controller.go:55.63,58.21 2 1
backend-developer-assignment/app/controllers/account_controller.go:58.21,60.3 1 0
backend-developer-assignment/app/controllers/account_controller.go:63.2,64.16 2 1
backend-developer-assignment/app/controllers/account_controller.go:64.16,66.3 1 1
backend-developer-assignment/app/controllers/account_controller.go:68.2,68.49 1 1
backend-developer-assignment/app/controllers/account_controller.go:81.66,95.49 3 1
backend-developer-assignment/app/controllers/account_controller.go:95.49,97.3 1 0
backend-developer-assignment/app/controllers/account_controller.go:99.2,100.49 2 1
backend-developer-assignment/app/controllers/account_controller.go:100.49,103.3 2 1
backend-developer-assignment/app/controllers/account_controller.go:105.2,105.25 1 1
backend-developer-assignment/app/controllers/account_controller.go:105.25,108.3 1 0
backend-developer-assignment/app/controllers/account_controller.go:110.2,127.16 4 1
backend-developer-assignment/app/controllers/account_controller.go:127.16,130.3 2 1
backend-developer-assignment/app/controllers/account_controller.go:133.2,134.16 2 1
backend-developer-assignment/app/controllers/account_controller.go:134.16,137.3 2 0
backend-developer-assignment/app/controllers/account_controller.go:139.2,139.61 1 1
backend-developer-assignment/app/controllers/account_controller.go:153.66,168.21 4 1
backend-developer-assignment/app/controllers/account_controller.go:168.21,170.3 1 0
backend-developer-assignment/app/controllers/account_controller.go:173.2,174.16 2 1
backend-developer-assignment/app/controllers/account_controller.go:174.16,176.3 1 1
backend-developer-assignment/app/controllers/account_controller.go:178.2,178.49 1 1
backend-developer-assignment/app/controllers/account_controller.go:178.49,180.3 1 0
backend-developer-assignment/app/controllers/account_controller.go:182.2,183.49 2 1
backend-developer-assignment/app/controllers/account_controller.go:183.49,186.3 2 0
backend-developer-assignment/app/controllers/account_controller.go:188.2,199.65 2 1
backend-developer-assignment/app/controllers/account_controller.go:199.65,202.3 2 0
backend-developer-assignment/app/controllers/account_controller.go:205.2,206.16 2 1
backend-developer-assignment/app/controllers/account_controller.go:206.16,209.3 2 0
backend-developer-assignment/app/controllers/account_controller.go:211.2,211.56 1 1
backend-developer-assignment/app/controllers/account_controller.go:224.67,227.21 2 1
backend-developer-assignment/app/controllers/account_controller.go:227.21,229.3 1 0
backend-developer-assignment/app/controllers/account_controller.go:232.2,233.16 2 1
backend-developer-assignment/app/controllers/account_controller.go:233.16,235.3 1 1
backend-developer-assignment/app/controllers/account_controller.go:237.2,237.74 1 1
backend-developer-assignment/app/controllers/account_controller.go:237.74,240.3 2 1
backend-developer-assignment/app/controllers/account_controller.go:242.2,242.95 1 1
backend-developer-assignment/app/controllers/account_controller.go:256.61,263.21 3 1
backend-developer-assignment/app/controllers/account_controller.go:263.21,265.3 1 0
backend-developer-assignment/app/controllers/account_controller.go:267.2,268.49 2 1
backend-developer-assignment/app/controllers/account_controller.go:268.49,270.3 1 0
backend-developer-assignment/app/controllers/account_controller.go:272.2,273.49 2 1
backend-developer-assignment/app/controllers/account_controller.go:273.49,276.3 2 0
backend-developer-assignment/app/controllers/account_controller.go:279.2,280.16 2 1
backend-developer-assignment/app/controllers/account_controller.go:280.16,282.3 1 0
backend-developer-assignment/app/controllers/account_controller.go:285.2,285.37 1 1
backend-developer-assignment/app/controllers/account_controller.go:285.37,287.3 1 1
backend-developer-assignment/app/controllers/account_controller.go:289.2,290.16 2 1
backend-developer-assignment/app/controllers/account_controller.go:290.16,291.42 1 1
backend-developer-assignment/app/controllers/account_controller.go:291.42,293.4 1 0
backend-developer-assignment/app/controllers/account_controller.go:294.3,295.93 2 1
backend-developer-assignment/app/controllers/account_controller.go:298.2,302.4 1 1
backend-developer-assignment/app/controllers/account_controller.go:316.60,323.21 3 1
backend-developer-assignment/app/controllers/account_controller.go:323.21,325.3 1 0
backend-developer-assignment/app/controllers/account_controller.go:327.2,328.49 2 1
backend-developer-assignment/app/controllers/account_controller.go:328.49,330.3 1 0
backend-developer-assignment/app/controllers/account_controller.go:332.2,333.49 2 1
backend-developer-assignment/app/controllers/account_controller.go:333.49,336.3 2 0
backend-developer-assignment/app/controllers/account_controller.go:338.2,339.16 2 1
backend-developer-assignment/app/controllers/account_controller.go:339.16,342.3 2 1
backend-developer-assignment/app/controllers/account_controller.go:344.2,348.4 1 1
backend-developer-assignment/app/controllers/account_controller.go:361.61,369.49 3 1
backend-developer-assignment/app/controllers/account_controller.go:369.49,371.3 1 0
backend-developer-assignment/app/controllers/account_controller.go:373.2,374.49 2 1
backend-developer-assignment/app/controllers/account_controller.go:374.49,377.3 2 0
backend-developer-assignment/app/controllers/account_controller.go:379.2,385.16 2 1
backend-developer-assignment/app/controllers/account_controller.go:385.16,386.52 1 1
backend-developer-assignment/app/controllers/account_controller.go:386.52,388.4 1 1
backend-developer-assignment/app/controllers/account_controller.go:389.3,394.91 2 1
backend-developer-assignment/app/controllers/account_controller.go:397.2,404.4 1 1
backend-developer-assignment/app/controllers/auth_controller.go:21.74,25.2 1 1
backend-developer-assignment/app/controllers/auth_controller.go:40.58,46.49 3 1
backend-developer-assignment/app/controllers/auth_controller.go:46.49,48.3 1 0
backend-developer-assignment/app/controllers/auth_controller.go:51.2,53.16 3 1
backend-developer-assignment/app/controllers/auth_controller.go:53.16,56.3 2 1
backend-developer-assignment/app/controllers/auth_controller.go:59.2,59.45 1 1
backend-developer-assignment/app/controllers/auth_controller.go:59.45,62.3 2 1
backend-developer-assignment/app/controllers/auth_controller.go:65.2,66.16 2 1
backend-developer-assignment/app/controllers/auth_controller.go:66.16,69.3 2 0
backend-developer-assignment/app/controllers/auth_controller.go:71.2,76.4 1 1
backend-developer-assignment/app/controllers/auth_controller.go:89.60,95.16 3 1
backend-developer-assignment/app/controllers/auth_controller.go:95.16,98.3 1 1
backend-developer-assignment/app/controllers/auth_controller.go:101.2,104.30 2 1
backend-developer-assignment/app/controllers/auth_controller.go:104.30,107.3 1 0
backend-developer-assignment/app/controllers/auth_controller.go:110.2,113.46 2 1
backend-developer-assignment/app/controllers/auth_controller.go:113.46,116.3 1 0
backend-developer-assignment/app/controllers/auth_controller.go:119.2,120.16 2 1
backend-developer-assignment/app/controllers/auth_controller.go:120.16,123.3 1 1
backend-developer-assignment/app/controllers/auth_controller.go:126.2,126.31 1 1
backend-developer-assignment/app/controllers/auth_controller.go:126.31,132.17 3 1
backend-developer-assignment/app/controllers/auth_controller.go:132.17,136.4 2 1
backend-developer-assignment/app/controllers/auth_controller.go:139.3,140.17 2 1
backend-developer-assignment/app/controllers/auth_controller.go:140.17,143.4 1 0
backend-developer-assignment/app/controllers/auth_controller.go:146.3,151.5 1 1
backend-developer-assignment/app/controllers/auth_controller.go:155.2,155.100 1 0
backend-developer-assignment/app/controllers/banner_controller.go:16.82,20.2 1 1
backend-developer-assignment/app/controllers/banner_controller.go:31.60,33.20 2 1
backend-developer-assignment/app/controllers/banner_controller.go:33.20,35.3 1 0
backend-developer-assignment/app/controllers/banner_controller.go:37.2,38.16 2 1
backend-developer-assignment/app/controllers/banner_controller.go:38.16,41.3 2 1
backend-developer-assignment/app/controllers/banner_controller.go:43.2,43.19 1 1
backend-developer-assignment/app/controllers/banner_controller.go:43.19,45.3 1 1
backend-developer-assignment/app/controllers/banner_controller.go:47.2,47.48 1 1
backend-developer-assignment/app/controllers/banner_controller.go:58.62,63.16 3 1
backend-developer-assignment/app/controllers/banner_controller.go:63.16,65.3 1 1
backend-developer-assignment/app/controllers/banner_controller.go:67.2,67.49 1 1
backend-developer-assignment/app/controllers/controller.go:22.60,31.2 1 0
backend-developer-assignment/app/controllers/controller.go:33.74,38.2 1 1
backend-developer-assignment/app/controllers/debit_card_controller.go:19.85,23.2 1 1
backend-developer-assignment/app/controllers/debit_card_controller.go:33.68,38.16 3 1
backend-developer-assignment/app/controllers/debit_card_controller.go:38.16,40.3 1 1
backend-developer-assignment/app/controllers/debit_card_controller.go:42.2,42.47 1 1
backend-developer-assignment/app/controllers/debit_card_controller.go:54.66,57.18 2 1
backend-developer-assignment/app/controllers/debit_card_controller.go:57.18,59.3 1 0
backend-developer-assignment/app/controllers/debit_card_controller.go:62.2,63.16 2 1
backend-developer-assignment/app/controllers/debit_card_controller.go:63.16,65.3 1 1
backend-developer-assignment/app/controllers/debit_card_controller.go:67.2,67.46 1 1
backend-developer-assignment/app/controllers/debit_card_controller.go:79.69,89.49 3 1
backend-developer-assignment/app/controllers/debit_card_controller.go:89.49,91.3 1 0
backend-developer-assignment/app/controllers/debit_card_controller.go:93.2,94.49 2 1
backend-developer-assignment/app/controllers/debit_card_controller.go:94.49,97.3 2 1
backend-developer-assignment/app/controllers/debit_card_controller.go:99.2,99.25 1 1
backend-developer-assignment/app/controllers/debit_card_controller.go:99.25,102.3 1 0
backend-developer-assignment/app/controllers/debit_card_controller.go:103.2,103.31 1 1
backend-developer-assignment/app/controllers/debit_card_controller.go:103.31,106.3 1 0
backend-developer-assignment/app/controllers/debit_card_controller.go:108.2,121.16 4 1
backend-developer-assignment/app/controllers/debit_card_controller.go:121.16,124.3 2 1
backend-developer-assignment/app/controllers/debit_card_controller.go:127.2,128.16 2 1
backend-developer-assignment/app/controllers/debit_card_controller.go:128.16,131.3 2 0
backend-developer-assignment/app/controllers/debit_card_controller.go:133.2,133.58 1 1
backend-developer-assignment/app/controllers/debit_card_controller.go:146.69,157.18 4 1
backend-developer-assignment/app/controllers/debit_card_controller.go:157.18,159.3 1 0
backend-developer-assignment/app/controllers/debit_card_controller.go:162.2,163.16 2 1
backend-developer-assignment/app/controllers/debit_card_controller.go:163.16,165.3 1 1
backend-developer-assignment/app/controllers/debit_card_controller.go:167.2,167.49 1 1
backend-developer-assignment/app/controllers/debit_card_controller.go:167.49,169.3 1 0
backend-developer-assignment/app/controllers/debit_card_controller.go:171.2,172.49 2 1
backend-developer-assignment/app/controllers/debit_card_controller.go:172.49,175.3 2 0
backend-developer-assignment/app/controllers/debit_card_controller.go:177.2,177.118 1 1
backend-developer-assignment/app/controllers/debit_card_controller.go:177.118,180.3 2 1
backend-developer-assignment/app/controllers/debit_card_controller.go:183.2,184.16 2 1
backend-developer-assignment/app/controllers/debit_card_controller.go:184.16,187.3 2 0
backend-developer-assignment/app/controllers/debit_card_controller.go:189.2,189.53 1 1
backend-developer-assignment/app/controllers/debit_card_controller.go:201.69,204.18 2 1
backend-developer-assignment/app/controllers/debit_card_controller.go:204.18,206.3 1 0
backend-developer-assignment/app/controllers/debit_card_controller.go:209.2,210.16 2 1
backend-developer-assignment/app/controllers/debit_card_controller.go:210.16,212.3 1 1
backend-developer-assignment/app/controllers/debit_card_controller.go:215.2,215.62 1 1
backend-developer-assignment/app/controllers/debit_card_controller.go:215.62,217.3 1 1
backend-developer-assignment/app/controllers/debit_card_controller.go:219.2,219.52 1 1
backend-developer-assignment/app/controllers/transaction_controller.go:18.102,22.2 1 1
backend-developer-assignment/app/controllers/transaction_controller.go:36.72,43.16 4 1
backend-developer-assignment/app/controllers/transaction_controller.go:43.16,46.3 2 1
backend-developer-assignment/app/controllers/transaction_controller.go:48.2,51.16 3 1
backend-developer-assignment/app/controllers/transaction_controller.go:51.16,54.3 2 1
backend-developer-assignment/app/controllers/transaction_controller.go:56.2,59.4 1 1
backend-developer-assignment/app/controllers/user_controller.go:17.74,21.2 1 1
backend-developer-assignment/app/controllers/user_controller.go:34.64,46.16 6 1
backend-developer-assignment/app/controllers/user_controller.go:46.16,49.3 2 1
backend-developer-assignment/app/controllers/user_controller.go:51.2,53.4 1 1
backend-developer-assignment/app/controllers/user_controller.go:70.67,83.49 6 1
backend-developer-assignment/app/controllers/user_controller.go:83.49,86.3 2 1
backend-developer-assignment/app/controllers/user_controller.go:88.2,93.16 5 1
backend-developer-assignment/app/controllers/user_controller.go:93.16,96.3 2 1
backend-developer-assignment/app/controllers/user_controller.go:98.2,100.4 1 1
backend-developer-assignment/app/controllers/user_controller.go:114.56,120.16 4 1
backend-developer-assignment/app/controllers/user_controller.go:120.16,122.3 1 1
backend-developer-assignment/app/controllers/user_controller.go:124.2,124.23 1 1
backend-developer-assignment/app/controllers/user_controller.go:127.59,135.49 4 1
backend-developer-assignment/app/controllers/user_controller.go:135.49,138.3 2 1
backend-developer-assignment/app/controllers/user_controller.go:140.2,147.16 6 1
backend-developer-assignment/app/controllers/user_controller.go:147.16,149.3 1 1
backend-developer-assignment/app/controllers/user_controller.go:151.2,151.23 1 1
backend-developer-assignment/app/services/account_service.go:50.171,56.2 1 0
backend-developer-assignment/app/services/account_service.go:59.88,61.2 1 0
backend-developer-assignment/app/services/account_service.go:64.92,66.2 1 0
backend-developer-assignment/app/services/account_service.go:69.109,71.2 1 0
backend-developer-assignment/app/services/account_service.go:74.113,76.2 1 0
backend-developer-assignment/app/services/account_service.go:79.108,81.40 1 0
backend-developer-assignment/app/services/account_service.go:81.40,83.3 1 0
backend-developer-assignment/app/services/account_service.go:85.2,85.78 1 0
backend-developer-assignment/app/services/account_service.go:85.78,87.3 1 0
backend-developer-assignment/app/services/account_service.go:89.2,89.12 1 0
backend-developer-assignment/app/services/account_service.go:93.86,94.148 1 0
backend-developer-assignment/app/services/account_service.go:94.148,98.68 2 0
backend-developer-assignment/app/services/account_service.go:98.68,101.4 2 0
backend-developer-assignment/app/services/account_service.go:102.3,102.80 1 0
backend-developer-assignment/app/services/account_service.go:102.80,105.4 2 0
backend-developer-assignment/app/services/account_service.go:106.3,106.95 1 0
backend-developer-assignment/app/services/account_service.go:106.95,109.4 2 0
backend-developer-assignment/app/services/account_service.go:110.3,110.74 1 0
backend-developer-assignment/app/services/account_service.go:110.74,113.4 2 0
backend-developer-assignment/app/services/account_service.go:116.3,116.71 1 0
backend-developer-assignment/app/services/account_service.go:116.71,119.4 2 0
backend-developer-assignment/app/services/account_service.go:120.3,120.78 1 0
backend-developer-assignment/app/services/account_service.go:120.78,123.4 2 0
backend-developer-assignment/app/services/account_service.go:125.3,125.23 1 0
backend-developer-assignment/app/services/account_service.go:130.76,131.77 1 0
backend-developer-assignment/app/services/account_service.go:131.77,134.3 2 0
backend-developer-assignment/app/services/account_service.go:136.2,136.94 1 0
backend-developer-assignment/app/services/account_service.go:136.94,139.3 2 0
backend-developer-assignment/app/services/account_service.go:141.2,141.12 1 0
backend-developer-assignment/app/services/account_service.go:145.101,150.16 3 0
backend-developer-assignment/app/services/account_service.go:150.16,153.3 2 0
backend-developer-assignment/app/services/account_service.go:156.2,156.73 1 0
backend-developer-assignment/app/services/account_service.go:156.73,158.122 1 0
backend-developer-assignment/app/services/account_service.go:158.122,160.31 1 0
backend-developer-assignment/app/services/account_service.go:160.31,162.5 1 0
backend-developer-assignment/app/services/account_service.go:165.4,166.30 2 0
backend-developer-assignment/app/services/account_service.go:169.3,169.24 1 0
backend-developer-assignment/app/services/account_service.go:169.24,171.4 1 0
backend-developer-assignment/app/services/account_service.go:174.3,186.77 2 0
backend-developer-assignment/app/services/account_service.go:186.77,191.4 2 0
backend-developer-assignment/app/services/account_service.go:193.3,193.13 1 0
backend-developer-assignment/app/services/account_service.go:196.2,196.16 1 0
backend-developer-assignment/app/services/account_service.go:196.16,198.3 1 0
backend-developer-assignment/app/services/account_service.go:200.2,200.28 1 0
backend-developer-assignment/app/services/account_service.go:204.98,209.16 3 0
backend-developer-assignment/app/services/account_service.go:209.16,212.3 2 0
backend-developer-assignment/app/services/account_service.go:215.2,215.73 1 0
backend-developer-assignment/app/services/account_service.go:215.73,217.122 1 0
backend-developer-assignment/app/services/account_service.go:217.122,221.4 2 0
backend-developer-assignment/app/services/account_service.go:223.3,223.24 1 0
backend-developer-assignment/app/services/account_service.go:223.24,225.4 1 0
backend-developer-assignment/app/services/account_service.go:228.3,240.74 2 0
backend-developer-assignment/app/services/account_service.go:240.74,245.4 2 0
backend-developer-assignment/app/services/account_service.go:247.3,247.13 1 0
backend-developer-assignment/app/services/account_service.go:250.2,250.16 1 0
backend-developer-assignment/app/services/account_service.go:250.16,252.3 1 0
backend-developer-assignment/app/services/account_service.go:254.2,254.28 1 0
backend-developer-assignment/app/services/account_service.go:258.136,264.16 3 0
backend-developer-assignment/app/services/account_service.go:264.16,267.3 2 0
backend-developer-assignment/app/services/account_service.go:269.2,270.16 2 0
backend-developer-assignment/app/services/account_service.go:270.16,273.3 2 0
backend-developer-assignment/app/services/account_service.go:276.2,276.73 1 0
backend-developer-assignment/app/services/account_service.go:276.73,278.167 1 0
backend-developer-assignment/app/services/account_service.go:278.167,280.30 1 0
backend-developer-assignment/app/services/account_service.go:280.30,282.5 1 0
backend-developer-assignment/app/services/account_service.go:285.4,288.22 3 0
backend-developer-assignment/app/services/account_service.go:291.3,291.25 1 0
backend-developer-assignment/app/services/account_service.go:291.25,294.4 1 0
backend-developer-assignment/app/services/account_service.go:297.3,321.77 3 0
backend-developer-assignment/app/services/account_service.go:321.77,328.4 2 0
backend-developer-assignment/app/services/account_service.go:330.3,330.74 1 0
backend-developer-assignment/app/services/account_service.go:330.74,337.4 2 0
backend-developer-assignment/app/services/account_service.go:339.3,339.13 1 0
backend-developer-assignment/app/services/account_service.go:342.2,342.16 1 0
backend-developer-assignment/app/services/account_service.go:342.16,345.3 1 0
backend-developer-assignment/app/services/account_service.go:347.2,347.20 1 0
backend-developer-assignment/app/services/account_service.go:351.68,353.2 1 0
backend-developer-assignment/app/services/banner_service.go:22.85,26.2 1 0
backend-developer-assignment/app/services/banner_service.go:29.84,31.16 2 0
backend-developer-assignment/app/services/banner_service.go:31.16,34.3 2 0
backend-developer-assignment/app/services/banner_service.go:36.2,36.19 1 0
backend-developer-assignment/app/services/banner_service.go:36.19,39.3 2 0
backend-developer-assignment/app/services/banner_service.go:41.2,41.20 1 0
backend-developer-assignment/app/services/banner_service.go:45.89,47.16 2 0
backend-developer-assignment/app/services/banner_service.go:47.16,50.3 2 0
backend-developer-assignment/app/services/banner_service.go:52.2,52.21 1 0
backend-developer-assignment/app/services/debit_card_service.go:34.82,38.2 1 0
backend-developer-assignment/app/services/debit_card_service.go:41.86,43.2 1 0
backend-developer-assignment/app/services/debit_card_service.go:46.93,48.2 1 0
backend-developer-assignment/app/services/debit_card_service.go:51.107,53.2 1 0
backend-developer-assignment/app/services/debit_card_service.go:56.113,58.2 1 0
backend-developer-assignment/app/services/debit_card_service.go:61.106,63.34 1 0
backend-developer-assignment/app/services/debit_card_service.go:63.34,65.3 1 0
backend-developer-assignment/app/services/debit_card_service.go:68.2,70.74 2 0
backend-developer-assignment/app/services/debit_card_service.go:70.74,72.3 1 0
backend-developer-assignment/app/services/debit_card_service.go:74.2,74.12 1 0
backend-developer-assignment/app/services/debit_card_service.go:78.106,79.126 1 0
backend-developer-assignment/app/services/debit_card_service.go:79.126,82.38 2 0
backend-developer-assignment/app/services/debit_card_service.go:82.38,85.4 2 0
backend-developer-assignment/app/services/debit_card_service.go:86.3,86.41 1 0
backend-developer-assignment/app/services/debit_card_service.go:86.41,89.4 2 0
backend-developer-assignment/app/services/debit_card_service.go:90.3,90.59 1 0
backend-developer-assignment/app/services/debit_card_service.go:90.59,93.4 2 0
backend-developer-assignment/app/services/debit_card_service.go:95.3,95.23 1 0
backend-developer-assignment/app/services/debit_card_service.go:100.64,107.2 2 0
backend-developer-assignment/app/services/service.go:19.126,27.2 1 0
backend-developer-assignment/app/services/transaction_service.go:38.136,43.2 1 0
backend-developer-assignment/app/services/transaction_service.go:46.93,52.16 4 0
backend-developer-assignment/app/services/transaction_service.go:52.16,55.74 2 0
backend-developer-assignment/app/services/transaction_service.go:55.74,57.4 1 0
backend-developer-assignment/app/services/transaction_service.go:61.2,62.16 2 0
backend-developer-assignment/app/services/transaction_service.go:62.16,64.3 1 0
backend-developer-assignment/app/services/transaction_service.go:67.2,67.67 1 0
backend-developer-assignment/app/services/transaction_service.go:67.67,68.101 1 0
backend-developer-assignment/app/services/transaction_service.go:68.101,70.4 1 0
backend-developer-assignment/app/services/transaction_service.go:73.2,73.25 1 0
backend-developer-assignment/app/services/transaction_service.go:77.119,86.35 6 0
backend-developer-assignment/app/services/transaction_service.go:86.35,91.75 3 0
backend-developer-assignment/app/services/transaction_service.go:91.75,92.67 1 0
backend-developer-assignment/app/services/transaction_service.go:92.67,94.5 1 0
backend-developer-assignment/app/services/transaction_service.go:99.2,103.16 5 0
backend-developer-assignment/app/services/transaction_service.go:103.16,105.3 1 0
backend-developer-assignment/app/services/transaction_service.go:108.2,108.69 1 0
backend-developer-assignment/app/services/transaction_service.go:108.69,109.106 1 0
backend-developer-assignment/app/services/transaction_service.go:109.106,111.4 1 0
backend-developer-assignment/app/services/transaction_service.go:112.3,112.119 1 0
backend-developer-assignment/app/services/transaction_service.go:112.119,114.4 1 0
backend-developer-assignment/app/services/transaction_service.go:117.2,117.33 1 0
backend-developer-assignment/app/services/transaction_service.go:121.91,123.37 1 0
backend-developer-assignment/app/services/transaction_service.go:123.37,125.3 1 0
backend-developer-assignment/app/services/transaction_service.go:128.2,129.16 2 0
backend-developer-assignment/app/services/transaction_service.go:129.16,131.3 1 0
backend-developer-assignment/app/services/transaction_service.go:134.2,140.67 5 0
backend-developer-assignment/app/services/transaction_service.go:140.67,141.101 1 0
backend-developer-assignment/app/services/transaction_service.go:141.101,143.4 1 0
backend-developer-assignment/app/services/transaction_service.go:146.2,146.12 1 0
backend-developer-assignment/app/services/transaction_service.go:150.87,151.84 1 0
backend-developer-assignment/app/services/transaction_service.go:151.84,153.3 1 0
backend-developer-assignment/app/services/user_service.go:22.137,27.2 1 0
backend-developer-assignment/app/services/user_service.go:30.72,32.2 1 0
backend-developer-assignment/app/services/user_service.go:33.63,35.2 1 0
backend-developer-assignment/app/services/user_service.go:38.88,40.2 1 0
backend-developer-assignment/app/services/user_service.go:43.83,45.2 1 0
backend-developer-assignment/app/services/account_service.go:50.171,56.2 1 1
backend-developer-assignment/app/services/account_service.go:59.88,61.2 1 1
backend-developer-assignment/app/services/account_service.go:64.92,66.2 1 1
backend-developer-assignment/app/services/account_service.go:69.109,71.2 1 1
backend-developer-assignment/app/services/account_service.go:74.113,76.2 1 1
backend-developer-assignment/app/services/account_service.go:79.108,81.40 1 0
backend-developer-assignment/app/services/account_service.go:81.40,83.3 1 0
backend-developer-assignment/app/services/account_service.go:85.2,85.78 1 0
backend-developer-assignment/app/services/account_service.go:85.78,87.3 1 0
backend-developer-assignment/app/services/account_service.go:89.2,89.12 1 0
backend-developer-assignment/app/services/account_service.go:93.86,94.148 1 0
backend-developer-assignment/app/services/account_service.go:94.148,98.68 2 0
backend-developer-assignment/app/services/account_service.go:98.68,101.4 2 0
backend-developer-assignment/app/services/account_service.go:102.3,102.80 1 0
backend-developer-assignment/app/services/account_service.go:102.80,105.4 2 0
backend-developer-assignment/app/services/account_service.go:106.3,106.95 1 0
backend-developer-assignment/app/services/account_service.go:106.95,109.4 2 0
backend-developer-assignment/app/services/account_service.go:110.3,110.74 1 0
backend-developer-assignment/app/services/account_service.go:110.74,113.4 2 0
backend-developer-assignment/app/services/account_service.go:116.3,116.71 1 0
backend-developer-assignment/app/services/account_service.go:116.71,119.4 2 0
backend-developer-assignment/app/services/account_service.go:120.3,120.78 1 0
backend-developer-assignment/app/services/account_service.go:120.78,123.4 2 0
backend-developer-assignment/app/services/account_service.go:125.3,125.23 1 0
backend-developer-assignment/app/services/account_service.go:130.76,131.77 1 0
backend-developer-assignment/app/services/account_service.go:131.77,134.3 2 0
backend-developer-assignment/app/services/account_service.go:136.2,136.94 1 0
backend-developer-assignment/app/services/account_service.go:136.94,139.3 2 0
backend-developer-assignment/app/services/account_service.go:141.2,141.12 1 0
backend-developer-assignment/app/services/account_service.go:145.101,150.16 3 1
backend-developer-assignment/app/services/account_service.go:150.16,153.3 2 0
backend-developer-assignment/app/services/account_service.go:156.2,156.73 1 1
backend-developer-assignment/app/services/account_service.go:156.73,158.122 1 1
backend-developer-assignment/app/services/account_service.go:158.122,160.31 1 1
backend-developer-assignment/app/services/account_service.go:160.31,162.5 1 1
backend-developer-assignment/app/services/account_service.go:165.4,166.30 2 1
backend-developer-assignment/app/services/account_service.go:169.3,169.24 1 1
backend-developer-assignment/app/services/account_service.go:169.24,171.4 1 1
backend-developer-assignment/app/services/account_service.go:174.3,186.77 2 1
backend-developer-assignment/app/services/account_service.go:186.77,191.4 2 1
backend-developer-assignment/app/services/account_service.go:193.3,193.13 1 1
backend-developer-assignment/app/services/account_service.go:196.2,196.16 1 1
backend-developer-assignment/app/services/account_service.go:196.16,198.3 1 1
backend-developer-assignment/app/services/account_service.go:200.2,200.28 1 1
backend-developer-assignment/app/services/account_service.go:204.98,209.16 3 1
backend-developer-assignment/app/services/account_service.go:209.16,212.3 2 0
backend-developer-assignment/app/services/account_service.go:215.2,215.73 1 1
backend-developer-assignment/app/services/account_service.go:215.73,217.122 1 1
backend-developer-assignment/app/services/account_service.go:217.122,221.4 2 1
backend-developer-assignment/app/services/account_service.go:223.3,223.24 1 1
backend-developer-assignment/app/services/account_service.go:223.24,225.4 1 0
backend-developer-assignment/app/services/account_service.go:228.3,240.74 2 1
backend-developer-assignment/app/services/account_service.go:240.74,245.4 2 1
backend-developer-assignment/app/services/account_service.go:247.3,247.13 1 1
backend-developer-assignment/app/services/account_service.go:250.2,250.16 1 1
backend-developer-assignment/app/services/account_service.go:250.16,252.3 1 1
backend-developer-assignment/app/services/account_service.go:254.2,254.28 1 1
backend-developer-assignment/app/services/account_service.go:258.136,264.16 3 1
backend-developer-assignment/app/services/account_service.go:264.16,267.3 2 0
backend-developer-assignment/app/services/account_service.go:269.2,270.16 2 1
backend-developer-assignment/app/services/account_service.go:270.16,273.3 2 0
backend-developer-assignment/app/services/account_service.go:276.2,276.73 1 1
backend-developer-assignment/app/services/account_service.go:276.73,278.167 1 1
backend-developer-assignment/app/services/account_service.go:278.167,280.30 1 1
backend-developer-assignment/app/services/account_service.go:280.30,282.5 1 1
backend-developer-assignment/app/services/account_service.go:285.4,288.22 3 1
backend-developer-assignment/app/services/account_service.go:291.3,291.25 1 1
backend-developer-assignment/app/services/account_service.go:291.25,294.4 1 1
backend-developer-assignment/app/services/account_service.go:297.3,321.77 3 1
backend-developer-assignment/app/services/account_service.go:321.77,328.4 2 1
backend-developer-assignment/app/services/account_service.go:330.3,330.74 1 1
backend-developer-assignment/app/services/account_service.go:330.74,337.4 2 0
backend-developer-assignment/app/services/account_service.go:339.3,339.13 1 1
backend-developer-assignment/app/services/account_service.go:342.2,342.16 1 1
backend-developer-assignment/app/services/account_service.go:342.16,345.3 1 1
backend-developer-assignment/app/services/account_service.go:347.2,347.20 1 1
backend-developer-assignment/app/services/account_service.go:351.68,353.2 1 0
backend-developer-assignment/app/services/banner_service.go:22.85,26.2 1 1
backend-developer-assignment/app/services/banner_service.go:29.84,31.16 2 1
backend-developer-assignment/app/services/banner_service.go:31.16,34.3 2 1
backend-developer-assignment/app/services/banner_service.go:36.2,36.19 1 1
backend-developer-assignment/app/services/banner_service.go:36.19,39.3 2 1
backend-developer-assignment/app/services/banner_service.go:41.2,41.20 1 1
backend-developer-assignment/app/services/banner_service.go:45.89,47.16 2 1
backend-developer-assignment/app/services/banner_service.go:47.16,50.3 2 1
backend-developer-assignment/app/services/banner_service.go:52.2,52.21 1 1
backend-developer-assignment/app/services/debit_card_service.go:34.82,38.2 1 1
backend-developer-assignment/app/services/debit_card_service.go:41.86,43.2 1 1
backend-developer-assignment/app/services/debit_card_service.go:46.93,48.2 1 0
backend-developer-assignment/app/services/debit_card_service.go:51.107,53.2 1 1
backend-developer-assignment/app/services/debit_card_service.go:56.113,58.2 1 1
backend-developer-assignment/app/services/debit_card_service.go:61.106,63.34 1 1
backend-developer-assignment/app/services/debit_card_service.go:63.34,65.3 1 1
backend-developer-assignment/app/services/debit_card_service.go:68.2,70.74 2 1
backend-developer-assignment/app/services/debit_card_service.go:70.74,72.3 1 1
backend-developer-assignment/app/services/debit_card_service.go:74.2,74.12 1 1
backend-developer-assignment/app/services/debit_card_service.go:78.106,79.126 1 1
backend-developer-assignment/app/services/debit_card_service.go:79.126,82.38 2 1
backend-developer-assignment/app/services/debit_card_service.go:82.38,85.4 2 1
backend-developer-assignment/app/services/debit_card_service.go:86.3,86.41 1 1
backend-developer-assignment/app/services/debit_card_service.go:86.41,89.4 2 1
backend-developer-assignment/app/services/debit_card_service.go:90.3,90.59 1 1
backend-developer-assignment/app/services/debit_card_service.go:90.59,93.4 2 1
backend-developer-assignment/app/services/debit_card_service.go:95.3,95.23 1 1
backend-developer-assignment/app/services/debit_card_service.go:100.64,107.2 2 1
backend-developer-assignment/app/services/service.go:19.126,27.2 1 0
backend-developer-assignment/app/services/transaction_service.go:38.136,43.2 1 1
backend-developer-assignment/app/services/transaction_service.go:46.93,52.16 4 1
backend-developer-assignment/app/services/transaction_service.go:52.16,55.74 2 1
backend-developer-assignment/app/services/transaction_service.go:55.74,57.4 1 1
backend-developer-assignment/app/services/transaction_service.go:61.2,62.16 2 1
backend-developer-assignment/app/services/transaction_service.go:62.16,64.3 1 1
backend-developer-assignment/app/services/transaction_service.go:67.2,67.67 1 1
backend-developer-assignment/app/services/transaction_service.go:67.67,68.101 1 1
backend-developer-assignment/app/services/transaction_service.go:68.101,70.4 1 0
backend-developer-assignment/app/services/transaction_service.go:73.2,73.25 1 1
backend-developer-assignment/app/services/transaction_service.go:77.119,86.35 6 1
backend-developer-assignment/app/services/transaction_service.go:86.35,91.75 3 1
backend-developer-assignment/app/services/transaction_service.go:91.75,92.67 1 1
backend-developer-assignment/app/services/transaction_service.go:92.67,94.5 1 1
backend-developer-assignment/app/services/transaction_service.go:99.2,103.16 5 1
backend-developer-assignment/app/services/transaction_service.go:103.16,105.3 1 1
backend-developer-assignment/app/services/transaction_service.go:108.2,108.69 1 1
backend-developer-assignment/app/services/transaction_service.go:108.69,109.106 1 1
backend-developer-assignment/app/services/transaction_service.go:109.106,111.4 1 0
backend-developer-assignment/app/services/transaction_service.go:112.3,112.119 1 1
backend-developer-assignment/app/services/transaction_service.go:112.119,114.4 1 0
backend-developer-assignment/app/services/transaction_service.go:117.2,117.33 1 1
backend-developer-assignment/app/services/transaction_service.go:121.91,123.37 1 1
backend-developer-assignment/app/services/transaction_service.go:123.37,125.3 1 1
backend-developer-assignment/app/services/transaction_service.go:128.2,129.16 2 1
backend-developer-assignment/app/services/transaction_service.go:129.16,131.3 1 1
backend-developer-assignment/app/services/transaction_service.go:134.2,140.67 5 1
backend-developer-assignment/app/services/transaction_service.go:140.67,141.101 1 1
backend-developer-assignment/app/services/transaction_service.go:141.101,143.4 1 0
backend-developer-assignment/app/services/transaction_service.go:146.2,146.12 1 1
backend-developer-assignment/app/services/transaction_service.go:150.87,151.84 1 1
backend-developer-assignment/app/services/transaction_service.go:151.84,153.3 1 0
backend-developer-assignment/app/services/user_service.go:22.137,27.2 1 1
backend-developer-assignment/app/services/user_service.go:30.72,32.2 1 1
backend-developer-assignment/app/services/user_service.go:33.63,35.2 1 1
backend-developer-assignment/app/services/user_service.go:38.88,40.2 1 1
backend-developer-assignment/app/services/user_service.go:43.83,45.2 1 1
